Arguments: 
  D:\Downloads\nodejs\node.exe C:\Users\Admin\AppData\Roaming\npm\node_modules\yarn\bin\yarn.js init

PATH: 
  C:\Python310\Scripts\;C:\Python310\;C:\Program Files\Common Files\Oracle\Java\javapath;C:\Program Files (x86)\Common Files\Oracle\Java\javapath;C:\WINDOWS\system32;C:\WINDOWS;C:\WINDOWS\System32\Wbem;C:\WINDOWS\System32\WindowsPowerShell\v1.0\;C:\WINDOWS\System32\OpenSSH\;D:\Downloads\Python\Python39;D:\Downloads\Python\Python39\Scripts\;D:\Downloads\PyCharm Community Edition 2021.1.3\pythonProject1\venv\Scripts\scripts\;C:\ProgramData\chocolatey\bin;C:\Program Files\dotnet\;C:\Program Files (x86)\dotnet\;C:\Program Files\Microsoft SQL Server\130\Tools\Binn\;C:\Program Files\Microsoft SQL Server\Client SDK\ODBC\170\Tools\Binn\;C:\Program Files\Go\bin;D:\Downloads\mingw\bin;D:\Downloads\nodejs\;C:\Users\Admin\AppData\Local\Android\Sdk;D:\Downloads\cmder;D:\Downloads\Git\cmd;C:\src\flutter\bin;C:\Users\Admin\AppData\Local\Android\Sdk\platform-tools;C:\Program Files\Docker\Docker\resources\bin;C:\ProgramData\DockerDesktop\version-bin;C:\Users\Admin\AppData\Local\Yarn\bin;C:\Users\Admin\AppData\Local\Programs\Python\Python39\Scripts\;C:\Users\Admin\AppData\Local\Programs\Python\Python39\;C:\Program Files\MySQL\MySQL Shell 8.0\bin\;C:\Users\Admin\AppData\Local\Microsoft\WindowsApps;D:\Downloads\PyCharm Community Edition 2021.1.3\bin;D:\Downloads\PyCharm Community Edition 2021.1.3\pythonProject1\venv\Scripts\scripts\;D:\Downloads\Python\Python39\Scripts\;D:\Downloads\IntelliJ IDEA Community\IntelliJ IDEA Community Edition 2021.2.3\bin;C:\Users\Admin\.dotnet\tools;D:\Downloads\CLion\CLion 2021.2.2\bin;D:\Downloads\IntelliJ IDEA Ultimate\IntelliJ IDEA 2021.2.2\bin;C:\Users\Admin\AppData\Local\GitHubDesktop\bin;C:\Users\Admin\go\bin;D:\Downloads\Microsoft VS Code\bin;D:\Downloads\GoLand 2021.2.4\bin;C:\Users\Admin\AppData\Roaming\npm;C:\Users\Admin\AppData\Local\atom\bin;C:\tools\dart-sdk\bin;C:\Users\Admin\AppData\Roaming\Pub\Cache\bin;

Yarn version: 
  1.22.17

Node version: 
  16.9.0

Platform: 
  win32 x64

Trace: 
  Error: canceled
      at Interface.<anonymous> (C:\Users\Admin\AppData\Roaming\npm\node_modules\yarn\lib\cli.js:137143:13)
      at Interface.emit (node:events:394:28)
      at Interface._ttyWrite (node:readline:1081:16)
      at ReadStream.onkeypress (node:readline:288:10)
      at ReadStream.emit (node:events:394:28)
      at emitKeys (node:internal/readline/utils:358:14)
      at emitKeys.next (<anonymous>)
      at ReadStream.onData (node:internal/readline/emitKeypressEvents:61:36)
      at ReadStream.emit (node:events:394:28)
      at addChunk (node:internal/streams/readable:315:12)

npm manifest: 
  No manifest

yarn manifest: 
  No manifest

Lockfile: 
  No lockfile
